<?xml version="1.0" encoding="UTF-8"?>
<coverage generated="1697834740187" clover="3.2.0">
  <project timestamp="1697834740187" name="All files">
    <metrics statements="82" coveredstatements="79" conditionals="34" coveredconditionals="29" methods="18" coveredmethods="18" elements="134" coveredelements="126" complexity="0" loc="82" ncloc="82" packages="1" files="7" classes="7"/>
    <file name="createGameOfLife.ts" path="C:\Users\igor\Desktop\OTUS\FullStackDeveloper\WorkDir\JavaScript-Basic\otus-js-basic-game-of-life\src\createGameOfLife.ts">
      <metrics statements="33" coveredstatements="30" conditionals="12" coveredconditionals="8" methods="7" coveredmethods="7"/>
      <line num="15" count="6" type="stmt"/>
      <line num="20" count="6" type="stmt"/>
      <line num="21" count="6" type="stmt"/>
      <line num="22" count="6" type="stmt"/>
      <line num="24" count="6" type="cond" truecount="1" falsecount="1"/>
      <line num="25" count="0" type="stmt"/>
      <line num="30" count="6" type="stmt"/>
      <line num="31" count="28" type="stmt"/>
      <line num="34" count="6" type="stmt"/>
      <line num="36" count="6" type="stmt"/>
      <line num="37" count="6" type="cond" truecount="2" falsecount="0"/>
      <line num="38" count="6" type="stmt"/>
      <line num="42" count="6" type="stmt"/>
      <line num="43" count="6" type="stmt"/>
      <line num="48" count="4" type="cond" truecount="1" falsecount="1"/>
      <line num="49" count="0" type="stmt"/>
      <line num="51" count="4" type="stmt"/>
      <line num="52" count="4" type="stmt"/>
      <line num="54" count="4" type="stmt"/>
      <line num="57" count="4" type="cond" truecount="1" falsecount="1"/>
      <line num="58" count="0" type="stmt"/>
      <line num="62" count="4" type="stmt"/>
      <line num="63" count="4" type="stmt"/>
      <line num="65" count="4" type="stmt"/>
      <line num="73" count="3" type="stmt"/>
      <line num="74" count="3" type="stmt"/>
      <line num="75" count="3" type="cond" truecount="1" falsecount="1"/>
      <line num="76" count="3" type="stmt"/>
      <line num="77" count="3" type="stmt"/>
      <line num="82" count="6" type="stmt"/>
      <line num="83" count="5" type="cond" truecount="2" falsecount="0"/>
      <line num="84" count="4" type="stmt"/>
      <line num="86" count="1" type="stmt"/>
    </file>
    <file name="drawField.ts" path="C:\Users\igor\Desktop\OTUS\FullStackDeveloper\WorkDir\JavaScript-Basic\otus-js-basic-game-of-life\src\drawField.ts">
      <metrics statements="14" coveredstatements="14" conditionals="6" coveredconditionals="5" methods="4" coveredmethods="4"/>
      <line num="10" count="8" type="stmt"/>
      <line num="11" count="34" type="stmt"/>
      <line num="13" count="238" type="cond" truecount="2" falsecount="0"/>
      <line num="14" count="13" type="stmt"/>
      <line num="20" count="225" type="stmt"/>
      <line num="29" count="8" type="stmt"/>
      <line num="32" count="8" type="stmt"/>
      <line num="33" count="8" type="stmt"/>
      <line num="35" count="8" type="stmt"/>
      <line num="36" count="3" type="stmt"/>
      <line num="38" count="3" type="stmt"/>
      <line num="40" count="3" type="stmt"/>
      <line num="41" count="3" type="cond" truecount="3" falsecount="1"/>
      <line num="42" count="3" type="stmt"/>
    </file>
    <file name="getCellState.ts" path="C:\Users\igor\Desktop\OTUS\FullStackDeveloper\WorkDir\JavaScript-Basic\otus-js-basic-game-of-life\src\getCellState.ts">
      <metrics statements="7" coveredstatements="7" conditionals="4" coveredconditionals="4" methods="1" coveredmethods="1"/>
      <line num="9" count="1311" type="stmt"/>
      <line num="10" count="1311" type="cond" truecount="2" falsecount="0"/>
      <line num="11" count="206" type="stmt"/>
      <line num="13" count="1105" type="stmt"/>
      <line num="14" count="1105" type="cond" truecount="2" falsecount="0"/>
      <line num="15" count="149" type="stmt"/>
      <line num="17" count="956" type="stmt"/>
    </file>
    <file name="getNewCellState.ts" path="C:\Users\igor\Desktop\OTUS\FullStackDeveloper\WorkDir\JavaScript-Basic\otus-js-basic-game-of-life\src\getNewCellState.ts">
      <metrics statements="7" coveredstatements="7" conditionals="10" coveredconditionals="10" methods="1" coveredmethods="1"/>
      <line num="2" count="152" type="cond" truecount="2" falsecount="0"/>
      <line num="3" count="11" type="stmt"/>
      <line num="5" count="141" type="cond" truecount="4" falsecount="0"/>
      <line num="6" count="136" type="stmt"/>
      <line num="8" count="5" type="cond" truecount="4" falsecount="0"/>
      <line num="9" count="4" type="stmt"/>
      <line num="11" count="1" type="stmt"/>
    </file>
    <file name="getNextState.ts" path="C:\Users\igor\Desktop\OTUS\FullStackDeveloper\WorkDir\JavaScript-Basic\otus-js-basic-game-of-life\src\getNextState.ts">
      <metrics statements="6" coveredstatements="6" conditionals="0" coveredconditionals="0" methods="3" coveredmethods="3"/>
      <line num="22" count="11" type="stmt"/>
      <line num="23" count="28" type="stmt"/>
      <line num="24" count="134" type="stmt"/>
      <line num="25" count="134" type="stmt"/>
      <line num="26" count="134" type="stmt"/>
      <line num="27" count="134" type="stmt"/>
    </file>
    <file name="getNumOfAliveNeighbours.ts" path="C:\Users\igor\Desktop\OTUS\FullStackDeveloper\WorkDir\JavaScript-Basic\otus-js-basic-game-of-life\src\getNumOfAliveNeighbours.ts">
      <metrics statements="8" coveredstatements="8" conditionals="0" coveredconditionals="0" methods="1" coveredmethods="1"/>
      <line num="11" count="143" type="stmt"/>
      <line num="13" count="143" type="stmt"/>
      <line num="14" count="429" type="stmt"/>
      <line num="17" count="143" type="stmt"/>
      <line num="18" count="429" type="stmt"/>
      <line num="21" count="143" type="stmt"/>
      <line num="22" count="143" type="stmt"/>
      <line num="24" count="143" type="stmt"/>
    </file>
    <file name="isAnyoneAlive.ts" path="C:\Users\igor\Desktop\OTUS\FullStackDeveloper\WorkDir\JavaScript-Basic\otus-js-basic-game-of-life\src\isAnyoneAlive.ts">
      <metrics statements="7" coveredstatements="7" conditionals="2" coveredconditionals="2" methods="1" coveredmethods="1"/>
      <line num="7" count="12" type="stmt"/>
      <line num="8" count="23" type="stmt"/>
      <line num="9" count="23" type="stmt"/>
      <line num="10" count="119" type="stmt"/>
      <line num="11" count="119" type="cond" truecount="2" falsecount="0"/>
      <line num="12" count="4" type="stmt"/>
      <line num="16" count="8" type="stmt"/>
    </file>
  </project>
</coverage>
