{"C:\\Users\\igor\\Desktop\\OTUS\\FullStackDeveloper\\WorkDir\\JavaScript-Basic\\otus-js-basic-game-of-life\\src\\createGameOfLife.ts": {"path":"C:\\Users\\igor\\Desktop\\OTUS\\FullStackDeveloper\\WorkDir\\JavaScript-Basic\\otus-js-basic-game-of-life\\src\\createGameOfLife.ts","statementMap":{"0":{"start":{"line":15,"column":22},"end":{"line":15,"column":27}},"1":{"start":{"line":20,"column":2},"end":{"line":20,"column":84}},"2":{"start":{"line":21,"column":23},"end":{"line":21,"column":77}},"3":{"start":{"line":22,"column":17},"end":{"line":22,"column":52}},"4":{"start":{"line":24,"column":2},"end":{"line":26,"column":3}},"5":{"start":{"line":25,"column":4},"end":{"line":25,"column":40}},"6":{"start":{"line":30,"column":14},"end":{"line":32,"column":27}},"7":{"start":{"line":31,"column":4},"end":{"line":31,"column":41}},"8":{"start":{"line":34,"column":2},"end":{"line":34,"column":21}},"9":{"start":{"line":36,"column":27},"end":{"line":39,"column":3}},"10":{"start":{"line":37,"column":4},"end":{"line":37,"column":44}},"11":{"start":{"line":38,"column":4},"end":{"line":38,"column":53}},"12":{"start":{"line":42,"column":2},"end":{"line":42,"column":51}},"13":{"start":{"line":43,"column":2},"end":{"line":43,"column":38}},"14":{"start":{"line":48,"column":4},"end":{"line":50,"column":5}},"15":{"start":{"line":49,"column":6},"end":{"line":49,"column":42}},"16":{"start":{"line":51,"column":4},"end":{"line":51,"column":26}},"17":{"start":{"line":52,"column":4},"end":{"line":52,"column":31}},"18":{"start":{"line":54,"column":4},"end":{"line":54,"column":25}},"19":{"start":{"line":57,"column":4},"end":{"line":59,"column":5}},"20":{"start":{"line":58,"column":6},"end":{"line":58,"column":42}},"21":{"start":{"line":62,"column":4},"end":{"line":62,"column":25}},"22":{"start":{"line":63,"column":4},"end":{"line":63,"column":30}},"23":{"start":{"line":65,"column":4},"end":{"line":79,"column":13}},"24":{"start":{"line":73,"column":6},"end":{"line":73,"column":34}},"25":{"start":{"line":74,"column":6},"end":{"line":74,"column":55}},"26":{"start":{"line":75,"column":6},"end":{"line":78,"column":7}},"27":{"start":{"line":76,"column":8},"end":{"line":76,"column":36}},"28":{"start":{"line":77,"column":8},"end":{"line":77,"column":19}},"29":{"start":{"line":82,"column":2},"end":{"line":88,"column":5}},"30":{"start":{"line":83,"column":4},"end":{"line":87,"column":5}},"31":{"start":{"line":84,"column":6},"end":{"line":84,"column":18}},"32":{"start":{"line":86,"column":6},"end":{"line":86,"column":17}}},"fnMap":{"0":{"name":"createGameOfLife","decl":{"start":{"line":14,"column":16},"end":{"line":14,"column":32}},"loc":{"start":{"line":14,"column":91},"end":{"line":89,"column":1}},"line":14},"1":{"name":"(anonymous_1)","decl":{"start":{"line":30,"column":48},"end":{"line":30,"column":49}},"loc":{"start":{"line":31,"column":4},"end":{"line":31,"column":41}},"line":31},"2":{"name":"(anonymous_2)","decl":{"start":{"line":36,"column":27},"end":{"line":36,"column":28}},"loc":{"start":{"line":36,"column":53},"end":{"line":39,"column":3}},"line":36},"3":{"name":"stopGame","decl":{"start":{"line":47,"column":11},"end":{"line":47,"column":19}},"loc":{"start":{"line":47,"column":28},"end":{"line":55,"column":3}},"line":47},"4":{"name":"startGame","decl":{"start":{"line":56,"column":11},"end":{"line":56,"column":20}},"loc":{"start":{"line":56,"column":28},"end":{"line":80,"column":3}},"line":56},"5":{"name":"(anonymous_5)","decl":{"start":{"line":65,"column":24},"end":{"line":65,"column":25}},"loc":{"start":{"line":65,"column":30},"end":{"line":79,"column":5}},"line":65},"6":{"name":"(anonymous_6)","decl":{"start":{"line":82,"column":35},"end":{"line":82,"column":36}},"loc":{"start":{"line":82,"column":41},"end":{"line":88,"column":3}},"line":82}},"branchMap":{"0":{"loc":{"start":{"line":24,"column":2},"end":{"line":26,"column":3}},"type":"if","locations":[{"start":{"line":24,"column":2},"end":{"line":26,"column":3}},{"start":{},"end":{}}],"line":24},"1":{"loc":{"start":{"line":37,"column":18},"end":{"line":37,"column":43}},"type":"cond-expr","locations":[{"start":{"line":37,"column":38},"end":{"line":37,"column":39}},{"start":{"line":37,"column":42},"end":{"line":37,"column":43}}],"line":37},"2":{"loc":{"start":{"line":48,"column":4},"end":{"line":50,"column":5}},"type":"if","locations":[{"start":{"line":48,"column":4},"end":{"line":50,"column":5}},{"start":{},"end":{}}],"line":48},"3":{"loc":{"start":{"line":57,"column":4},"end":{"line":59,"column":5}},"type":"if","locations":[{"start":{"line":57,"column":4},"end":{"line":59,"column":5}},{"start":{},"end":{}}],"line":57},"4":{"loc":{"start":{"line":75,"column":6},"end":{"line":78,"column":7}},"type":"if","locations":[{"start":{"line":75,"column":6},"end":{"line":78,"column":7}},{"start":{},"end":{}}],"line":75},"5":{"loc":{"start":{"line":83,"column":4},"end":{"line":87,"column":5}},"type":"if","locations":[{"start":{"line":83,"column":4},"end":{"line":87,"column":5}},{"start":{"line":85,"column":11},"end":{"line":87,"column":5}}],"line":83}},"s":{"0":6,"1":6,"2":6,"3":6,"4":6,"5":0,"6":6,"7":28,"8":6,"9":6,"10":6,"11":6,"12":6,"13":6,"14":4,"15":0,"16":4,"17":4,"18":4,"19":4,"20":0,"21":4,"22":4,"23":4,"24":3,"25":3,"26":3,"27":3,"28":3,"29":6,"30":5,"31":4,"32":1},"f":{"0":6,"1":28,"2":6,"3":4,"4":4,"5":3,"6":5},"b":{"0":[0,6],"1":[5,1],"2":[0,4],"3":[0,4],"4":[3,0],"5":[4,1]},"_coverageSchema":"1a1c01bbd47fc00a2c39e90264f33305004495a9","hash":"9b0424c8e4d77430159836d70d93bed2cbd14fa1"}
,"C:\\Users\\igor\\Desktop\\OTUS\\FullStackDeveloper\\WorkDir\\JavaScript-Basic\\otus-js-basic-game-of-life\\src\\drawField.ts": {"path":"C:\\Users\\igor\\Desktop\\OTUS\\FullStackDeveloper\\WorkDir\\JavaScript-Basic\\otus-js-basic-game-of-life\\src\\drawField.ts","statementMap":{"0":{"start":{"line":10,"column":22},"end":{"line":27,"column":3}},"1":{"start":{"line":11,"column":4},"end":{"line":26,"column":23}},"2":{"start":{"line":13,"column":8},"end":{"line":19,"column":9}},"3":{"start":{"line":14,"column":10},"end":{"line":18,"column":74}},"4":{"start":{"line":20,"column":8},"end":{"line":24,"column":72}},"5":{"start":{"line":29,"column":16},"end":{"line":29,"column":76}},"6":{"start":{"line":32,"column":2},"end":{"line":32,"column":32}},"7":{"start":{"line":33,"column":2},"end":{"line":33,"column":36}},"8":{"start":{"line":35,"column":2},"end":{"line":44,"column":5}},"9":{"start":{"line":36,"column":27},"end":{"line":36,"column":36}},"10":{"start":{"line":38,"column":14},"end":{"line":38,"column":51}},"11":{"start":{"line":40,"column":14},"end":{"line":40,"column":51}},"12":{"start":{"line":41,"column":4},"end":{"line":43,"column":5}},"13":{"start":{"line":42,"column":6},"end":{"line":42,"column":40}}},"fnMap":{"0":{"name":"drawField","decl":{"start":{"line":9,"column":16},"end":{"line":9,"column":25}},"loc":{"start":{"line":9,"column":106},"end":{"line":45,"column":1}},"line":9},"1":{"name":"(anonymous_1)","decl":{"start":{"line":10,"column":22},"end":{"line":10,"column":23}},"loc":{"start":{"line":10,"column":65},"end":{"line":27,"column":3}},"line":10},"2":{"name":"(anonymous_2)","decl":{"start":{"line":12,"column":11},"end":{"line":12,"column":12}},"loc":{"start":{"line":12,"column":50},"end":{"line":25,"column":7}},"line":12},"3":{"name":"(anonymous_3)","decl":{"start":{"line":35,"column":64},"end":{"line":35,"column":65}},"loc":{"start":{"line":35,"column":79},"end":{"line":44,"column":3}},"line":35}},"branchMap":{"0":{"loc":{"start":{"line":13,"column":8},"end":{"line":19,"column":9}},"type":"if","locations":[{"start":{"line":13,"column":8},"end":{"line":19,"column":9}},{"start":{},"end":{}}],"line":13},"1":{"loc":{"start":{"line":41,"column":4},"end":{"line":43,"column":5}},"type":"if","locations":[{"start":{"line":41,"column":4},"end":{"line":43,"column":5}},{"start":{},"end":{}}],"line":41},"2":{"loc":{"start":{"line":41,"column":8},"end":{"line":41,"column":24}},"type":"binary-expr","locations":[{"start":{"line":41,"column":8},"end":{"line":41,"column":14}},{"start":{"line":41,"column":18},"end":{"line":41,"column":24}}],"line":41}},"s":{"0":8,"1":34,"2":238,"3":13,"4":225,"5":8,"6":8,"7":8,"8":8,"9":3,"10":3,"11":3,"12":3,"13":3},"f":{"0":8,"1":34,"2":238,"3":3},"b":{"0":[13,225],"1":[3,0],"2":[3,3]},"_coverageSchema":"1a1c01bbd47fc00a2c39e90264f33305004495a9","hash":"58aa5fc99ffdcf67581561e717bf4e5aaa7a416d"}
,"C:\\Users\\igor\\Desktop\\OTUS\\FullStackDeveloper\\WorkDir\\JavaScript-Basic\\otus-js-basic-game-of-life\\src\\getCellState.ts": {"path":"C:\\Users\\igor\\Desktop\\OTUS\\FullStackDeveloper\\WorkDir\\JavaScript-Basic\\otus-js-basic-game-of-life\\src\\getCellState.ts","statementMap":{"0":{"start":{"line":9,"column":14},"end":{"line":9,"column":22}},"1":{"start":{"line":10,"column":2},"end":{"line":12,"column":3}},"2":{"start":{"line":11,"column":4},"end":{"line":11,"column":13}},"3":{"start":{"line":13,"column":15},"end":{"line":13,"column":21}},"4":{"start":{"line":14,"column":2},"end":{"line":16,"column":3}},"5":{"start":{"line":15,"column":4},"end":{"line":15,"column":13}},"6":{"start":{"line":17,"column":2},"end":{"line":17,"column":14}}},"fnMap":{"0":{"name":"getCellState","decl":{"start":{"line":8,"column":16},"end":{"line":8,"column":28}},"loc":{"start":{"line":8,"column":78},"end":{"line":18,"column":1}},"line":8}},"branchMap":{"0":{"loc":{"start":{"line":10,"column":2},"end":{"line":12,"column":3}},"type":"if","locations":[{"start":{"line":10,"column":2},"end":{"line":12,"column":3}},{"start":{},"end":{}}],"line":10},"1":{"loc":{"start":{"line":14,"column":2},"end":{"line":16,"column":3}},"type":"if","locations":[{"start":{"line":14,"column":2},"end":{"line":16,"column":3}},{"start":{},"end":{}}],"line":14}},"s":{"0":1311,"1":1311,"2":206,"3":1105,"4":1105,"5":149,"6":956},"f":{"0":1311},"b":{"0":[206,1105],"1":[149,956]},"_coverageSchema":"1a1c01bbd47fc00a2c39e90264f33305004495a9","hash":"6377172026df543aaabf45c4d68bb7e547d5f856"}
,"C:\\Users\\igor\\Desktop\\OTUS\\FullStackDeveloper\\WorkDir\\JavaScript-Basic\\otus-js-basic-game-of-life\\src\\getNewCellState.ts": {"path":"C:\\Users\\igor\\Desktop\\OTUS\\FullStackDeveloper\\WorkDir\\JavaScript-Basic\\otus-js-basic-game-of-life\\src\\getNewCellState.ts","statementMap":{"0":{"start":{"line":2,"column":2},"end":{"line":4,"column":3}},"1":{"start":{"line":3,"column":4},"end":{"line":3,"column":13}},"2":{"start":{"line":5,"column":2},"end":{"line":7,"column":3}},"3":{"start":{"line":6,"column":4},"end":{"line":6,"column":13}},"4":{"start":{"line":8,"column":2},"end":{"line":10,"column":3}},"5":{"start":{"line":9,"column":4},"end":{"line":9,"column":13}},"6":{"start":{"line":11,"column":2},"end":{"line":11,"column":11}}},"fnMap":{"0":{"name":"getNewCellState","decl":{"start":{"line":1,"column":16},"end":{"line":1,"column":31}},"loc":{"start":{"line":1,"column":96},"end":{"line":12,"column":1}},"line":1}},"branchMap":{"0":{"loc":{"start":{"line":2,"column":2},"end":{"line":4,"column":3}},"type":"if","locations":[{"start":{"line":2,"column":2},"end":{"line":4,"column":3}},{"start":{},"end":{}}],"line":2},"1":{"loc":{"start":{"line":5,"column":2},"end":{"line":7,"column":3}},"type":"if","locations":[{"start":{"line":5,"column":2},"end":{"line":7,"column":3}},{"start":{},"end":{}}],"line":5},"2":{"loc":{"start":{"line":5,"column":6},"end":{"line":5,"column":58}},"type":"binary-expr","locations":[{"start":{"line":5,"column":6},"end":{"line":5,"column":30}},{"start":{"line":5,"column":34},"end":{"line":5,"column":58}}],"line":5},"3":{"loc":{"start":{"line":8,"column":2},"end":{"line":10,"column":3}},"type":"if","locations":[{"start":{"line":8,"column":2},"end":{"line":10,"column":3}},{"start":{},"end":{}}],"line":8},"4":{"loc":{"start":{"line":8,"column":6},"end":{"line":8,"column":58}},"type":"binary-expr","locations":[{"start":{"line":8,"column":6},"end":{"line":8,"column":32}},{"start":{"line":8,"column":36},"end":{"line":8,"column":58}}],"line":8}},"s":{"0":152,"1":11,"2":141,"3":136,"4":5,"5":4,"6":1},"f":{"0":152},"b":{"0":[11,141],"1":[136,5],"2":[141,127],"3":[4,1],"4":[5,5]},"_coverageSchema":"1a1c01bbd47fc00a2c39e90264f33305004495a9","hash":"a3382afa6bf9b57c319c61a426e0a78d43d57011"}
,"C:\\Users\\igor\\Desktop\\OTUS\\FullStackDeveloper\\WorkDir\\JavaScript-Basic\\otus-js-basic-game-of-life\\src\\getNextState.ts": {"path":"C:\\Users\\igor\\Desktop\\OTUS\\FullStackDeveloper\\WorkDir\\JavaScript-Basic\\otus-js-basic-game-of-life\\src\\getNextState.ts","statementMap":{"0":{"start":{"line":22,"column":2},"end":{"line":29,"column":4}},"1":{"start":{"line":23,"column":4},"end":{"line":28,"column":6}},"2":{"start":{"line":24,"column":17},"end":{"line":24,"column":68}},"3":{"start":{"line":25,"column":27},"end":{"line":25,"column":67}},"4":{"start":{"line":26,"column":23},"end":{"line":26,"column":56}},"5":{"start":{"line":27,"column":6},"end":{"line":27,"column":22}}},"fnMap":{"0":{"name":"getNextState","decl":{"start":{"line":10,"column":16},"end":{"line":10,"column":28}},"loc":{"start":{"line":10,"column":80},"end":{"line":30,"column":1}},"line":10},"1":{"name":"(anonymous_1)","decl":{"start":{"line":22,"column":19},"end":{"line":22,"column":20}},"loc":{"start":{"line":23,"column":4},"end":{"line":28,"column":6}},"line":23},"2":{"name":"(anonymous_2)","decl":{"start":{"line":23,"column":12},"end":{"line":23,"column":13}},"loc":{"start":{"line":23,"column":33},"end":{"line":28,"column":5}},"line":23}},"branchMap":{},"s":{"0":11,"1":28,"2":134,"3":134,"4":134,"5":134},"f":{"0":11,"1":28,"2":134},"b":{},"_coverageSchema":"1a1c01bbd47fc00a2c39e90264f33305004495a9","hash":"f96ab16e04d1c2817afd57b3be4f21f580bbec25"}
,"C:\\Users\\igor\\Desktop\\OTUS\\FullStackDeveloper\\WorkDir\\JavaScript-Basic\\otus-js-basic-game-of-life\\src\\getNumOfAliveNeighbours.ts": {"path":"C:\\Users\\igor\\Desktop\\OTUS\\FullStackDeveloper\\WorkDir\\JavaScript-Basic\\otus-js-basic-game-of-life\\src\\getNumOfAliveNeighbours.ts","statementMap":{"0":{"start":{"line":11,"column":19},"end":{"line":11,"column":20}},"1":{"start":{"line":13,"column":2},"end":{"line":15,"column":3}},"2":{"start":{"line":13,"column":15},"end":{"line":13,"column":25}},"3":{"start":{"line":14,"column":4},"end":{"line":14,"column":58}},"4":{"start":{"line":17,"column":2},"end":{"line":19,"column":3}},"5":{"start":{"line":17,"column":15},"end":{"line":17,"column":25}},"6":{"start":{"line":18,"column":4},"end":{"line":18,"column":58}},"7":{"start":{"line":21,"column":2},"end":{"line":21,"column":61}},"8":{"start":{"line":22,"column":2},"end":{"line":22,"column":61}},"9":{"start":{"line":24,"column":2},"end":{"line":24,"column":20}}},"fnMap":{"0":{"name":"getNumOfAliveNeighbours","decl":{"start":{"line":10,"column":16},"end":{"line":10,"column":39}},"loc":{"start":{"line":10,"column":104},"end":{"line":25,"column":1}},"line":10}},"branchMap":{},"s":{"0":143,"1":143,"2":143,"3":429,"4":143,"5":143,"6":429,"7":143,"8":143,"9":143},"f":{"0":143},"b":{},"_coverageSchema":"1a1c01bbd47fc00a2c39e90264f33305004495a9","hash":"132d55059366eda616ace5ee3bf56b883d2e7887"}
,"C:\\Users\\igor\\Desktop\\OTUS\\FullStackDeveloper\\WorkDir\\JavaScript-Basic\\otus-js-basic-game-of-life\\src\\isAnyoneAlive.ts": {"path":"C:\\Users\\igor\\Desktop\\OTUS\\FullStackDeveloper\\WorkDir\\JavaScript-Basic\\otus-js-basic-game-of-life\\src\\isAnyoneAlive.ts","statementMap":{"0":{"start":{"line":7,"column":2},"end":{"line":15,"column":3}},"1":{"start":{"line":7,"column":15},"end":{"line":7,"column":16}},"2":{"start":{"line":8,"column":16},"end":{"line":8,"column":24}},"3":{"start":{"line":9,"column":4},"end":{"line":14,"column":5}},"4":{"start":{"line":9,"column":17},"end":{"line":9,"column":18}},"5":{"start":{"line":10,"column":19},"end":{"line":10,"column":25}},"6":{"start":{"line":11,"column":6},"end":{"line":13,"column":7}},"7":{"start":{"line":12,"column":8},"end":{"line":12,"column":20}},"8":{"start":{"line":16,"column":2},"end":{"line":16,"column":15}}},"fnMap":{"0":{"name":"isAnyoneAlive","decl":{"start":{"line":6,"column":16},"end":{"line":6,"column":29}},"loc":{"start":{"line":6,"column":68},"end":{"line":17,"column":1}},"line":6}},"branchMap":{"0":{"loc":{"start":{"line":11,"column":6},"end":{"line":13,"column":7}},"type":"if","locations":[{"start":{"line":11,"column":6},"end":{"line":13,"column":7}},{"start":{},"end":{}}],"line":11}},"s":{"0":12,"1":12,"2":23,"3":23,"4":23,"5":119,"6":119,"7":4,"8":8},"f":{"0":12},"b":{"0":[4,115]},"_coverageSchema":"1a1c01bbd47fc00a2c39e90264f33305004495a9","hash":"ae668cae38c49ed087c78ff972d308460203b5e6"}
}
