TN:
SF:src\createGameOfLife.ts
FN:14,createGameOfLife
FN:30,(anonymous_1)
FN:36,(anonymous_2)
FN:47,stopGame
FN:56,startGame
FN:65,(anonymous_5)
FN:82,(anonymous_6)
FNF:7
FNH:7
FNDA:6,createGameOfLife
FNDA:28,(anonymous_1)
FNDA:6,(anonymous_2)
FNDA:4,stopGame
FNDA:4,startGame
FNDA:3,(anonymous_5)
FNDA:5,(anonymous_6)
DA:15,6
DA:20,6
DA:21,6
DA:22,6
DA:24,6
DA:25,0
DA:30,6
DA:31,28
DA:34,6
DA:36,6
DA:37,6
DA:38,6
DA:42,6
DA:43,6
DA:48,4
DA:49,0
DA:51,4
DA:52,4
DA:54,4
DA:57,4
DA:58,0
DA:62,4
DA:63,4
DA:65,4
DA:73,3
DA:74,3
DA:75,3
DA:76,3
DA:77,3
DA:82,6
DA:83,5
DA:84,4
DA:86,1
LF:33
LH:30
BRDA:24,0,0,0
BRDA:24,0,1,6
BRDA:37,1,0,5
BRDA:37,1,1,1
BRDA:48,2,0,0
BRDA:48,2,1,4
BRDA:57,3,0,0
BRDA:57,3,1,4
BRDA:75,4,0,3
BRDA:75,4,1,0
BRDA:83,5,0,4
BRDA:83,5,1,1
BRF:12
BRH:8
end_of_record
TN:
SF:src\drawField.ts
FN:9,drawField
FN:10,(anonymous_1)
FN:12,(anonymous_2)
FN:35,(anonymous_3)
FNF:4
FNH:4
FNDA:8,drawField
FNDA:34,(anonymous_1)
FNDA:238,(anonymous_2)
FNDA:3,(anonymous_3)
DA:10,8
DA:11,34
DA:13,238
DA:14,13
DA:20,225
DA:29,8
DA:32,8
DA:33,8
DA:35,8
DA:36,3
DA:38,3
DA:40,3
DA:41,3
DA:42,3
LF:14
LH:14
BRDA:13,0,0,13
BRDA:13,0,1,225
BRDA:41,1,0,3
BRDA:41,1,1,0
BRDA:41,2,0,3
BRDA:41,2,1,3
BRF:6
BRH:5
end_of_record
TN:
SF:src\getCellState.ts
FN:8,getCellState
FNF:1
FNH:1
FNDA:1311,getCellState
DA:9,1311
DA:10,1311
DA:11,206
DA:13,1105
DA:14,1105
DA:15,149
DA:17,956
LF:7
LH:7
BRDA:10,0,0,206
BRDA:10,0,1,1105
BRDA:14,1,0,149
BRDA:14,1,1,956
BRF:4
BRH:4
end_of_record
TN:
SF:src\getNewCellState.ts
FN:1,getNewCellState
FNF:1
FNH:1
FNDA:152,getNewCellState
DA:2,152
DA:3,11
DA:5,141
DA:6,136
DA:8,5
DA:9,4
DA:11,1
LF:7
LH:7
BRDA:2,0,0,11
BRDA:2,0,1,141
BRDA:5,1,0,136
BRDA:5,1,1,5
BRDA:5,2,0,141
BRDA:5,2,1,127
BRDA:8,3,0,4
BRDA:8,3,1,1
BRDA:8,4,0,5
BRDA:8,4,1,5
BRF:10
BRH:10
end_of_record
TN:
SF:src\getNextState.ts
FN:10,getNextState
FN:22,(anonymous_1)
FN:23,(anonymous_2)
FNF:3
FNH:3
FNDA:11,getNextState
FNDA:28,(anonymous_1)
FNDA:134,(anonymous_2)
DA:22,11
DA:23,28
DA:24,134
DA:25,134
DA:26,134
DA:27,134
LF:6
LH:6
BRF:0
BRH:0
end_of_record
TN:
SF:src\getNumOfAliveNeighbours.ts
FN:10,getNumOfAliveNeighbours
FNF:1
FNH:1
FNDA:143,getNumOfAliveNeighbours
DA:11,143
DA:13,143
DA:14,429
DA:17,143
DA:18,429
DA:21,143
DA:22,143
DA:24,143
LF:8
LH:8
BRF:0
BRH:0
end_of_record
TN:
SF:src\isAnyoneAlive.ts
FN:6,isAnyoneAlive
FNF:1
FNH:1
FNDA:12,isAnyoneAlive
DA:7,12
DA:8,23
DA:9,23
DA:10,119
DA:11,119
DA:12,4
DA:16,8
LF:7
LH:7
BRDA:11,0,0,4
BRDA:11,0,1,115
BRF:2
BRH:2
end_of_record
